[15-11-2018 01:44:41] PayPal\Core\PayPalHttpConnection : INFO: POST https://api.sandbox.paypal.com/v1/oauth2/token
[15-11-2018 01:44:42] PayPal\Core\PayPalHttpConnection : INFO: Response Status 	: 200
[15-11-2018 01:44:42] PayPal\Core\PayPalHttpConnection : INFO: POST https://api.sandbox.paypal.com/v1/payments/payment
[15-11-2018 01:44:43] PayPal\Core\PayPalHttpConnection : INFO: Response Status 	: 201
[15-11-2018 01:45:10] PayPal\Core\PayPalHttpConnection : INFO: POST https://api.sandbox.paypal.com/v1/payments/payment
[15-11-2018 01:45:11] PayPal\Core\PayPalHttpConnection : INFO: Response Status 	: 201
[15-11-2018 01:46:51] PayPal\Core\PayPalHttpConnection : INFO: POST https://api.sandbox.paypal.com/v1/payments/payment
[15-11-2018 01:46:52] PayPal\Core\PayPalHttpConnection : INFO: Response Status 	: 201
[15-11-2018 08:56:15] PayPal\Core\PayPalHttpConnection : INFO: POST https://api.sandbox.paypal.com/v1/payments/payment
[15-11-2018 08:56:15] PayPal\Core\PayPalHttpConnection : INFO: Response Status 	: 400
[15-11-2018 08:56:15] PayPal\Core\PayPalHttpConnection : ERROR: Got Http response code 400 when accessing https://api.sandbox.paypal.com/v1/payments/payment. {"name":"VALIDATION_ERROR","details":[{"field":"transactions.amount.details","issue":"Currency amount must be non-negative number, may optionally contain exactly 2 decimal places separated by '.', optional thousands separator ',', limited to 7 digits before the decimal point and currency which is a valid ISO Currency Code"}],"message":"Invalid request - see details","information_link":"https://developer.paypal.com/docs/api/payments/#errors","debug_id":"ff0d6e8f66e35"}
[15-11-2018 08:58:28] PayPal\Core\PayPalHttpConnection : INFO: POST https://api.sandbox.paypal.com/v1/payments/payment
[15-11-2018 08:58:28] PayPal\Core\PayPalHttpConnection : INFO: Response Status 	: 400
[15-11-2018 08:58:28] PayPal\Core\PayPalHttpConnection : ERROR: Got Http response code 400 when accessing https://api.sandbox.paypal.com/v1/payments/payment. {"name":"VALIDATION_ERROR","details":[{"field":"transactions.amount.details","issue":"Currency amount must be non-negative number, may optionally contain exactly 2 decimal places separated by '.', optional thousands separator ',', limited to 7 digits before the decimal point and currency which is a valid ISO Currency Code"}],"message":"Invalid request - see details","information_link":"https://developer.paypal.com/docs/api/payments/#errors","debug_id":"5cdd5d8950ed1"}
[15-11-2018 09:06:24] PayPal\Core\PayPalHttpConnection : INFO: POST https://api.sandbox.paypal.com/v1/payments/payment
[15-11-2018 09:06:24] PayPal\Core\PayPalHttpConnection : INFO: Response Status 	: 400
[15-11-2018 09:06:24] PayPal\Core\PayPalHttpConnection : ERROR: Got Http response code 400 when accessing https://api.sandbox.paypal.com/v1/payments/payment. {"name":"VALIDATION_ERROR","details":[{"field":"transactions[0].item_list.items[0].price","issue":"Required field missing"},{"field":"transactions[0].amount","issue":"Amount cannot be zero"}],"message":"Invalid request - see details","information_link":"https://developer.paypal.com/docs/api/payments/#errors","debug_id":"f28d9011a2bd4"}
[16-11-2018 01:26:35] PayPal\Core\PayPalHttpConnection : INFO: POST https://api.sandbox.paypal.com/v1/oauth2/token
[16-11-2018 01:26:36] PayPal\Core\PayPalHttpConnection : INFO: Response Status 	: 200
[16-11-2018 01:26:36] PayPal\Core\PayPalHttpConnection : INFO: POST https://api.sandbox.paypal.com/v1/payments/payment
[16-11-2018 01:26:37] PayPal\Core\PayPalHttpConnection : INFO: Response Status 	: 400
[16-11-2018 01:26:37] PayPal\Core\PayPalHttpConnection : ERROR: Got Http response code 400 when accessing https://api.sandbox.paypal.com/v1/payments/payment. {"name":"VALIDATION_ERROR","details":[{"field":"transactions.amount.details","issue":"Currency amount must be non-negative number, may optionally contain exactly 2 decimal places separated by '.', optional thousands separator ',', limited to 7 digits before the decimal point and currency which is a valid ISO Currency Code"}],"message":"Invalid request - see details","information_link":"https://developer.paypal.com/docs/api/payments/#errors","debug_id":"79bf3b42e2305"}
[16-11-2018 04:12:23] PayPal\Core\PayPalHttpConnection : INFO: POST https://api.sandbox.paypal.com/v1/payments/payment
[16-11-2018 04:12:24] PayPal\Core\PayPalHttpConnection : INFO: Response Status 	: 201
[16-11-2018 09:29:52] PayPal\Core\PayPalHttpConnection : INFO: POST https://api.sandbox.paypal.com/v1/oauth2/token
[16-11-2018 09:29:55] PayPal\Core\PayPalHttpConnection : INFO: Response Status 	: 200
[16-11-2018 09:29:55] PayPal\Core\PayPalHttpConnection : INFO: POST https://api.sandbox.paypal.com/v1/payments/payment
[16-11-2018 09:29:58] PayPal\Core\PayPalHttpConnection : INFO: Response Status 	: 201
[16-11-2018 09:36:30] PayPal\Core\PayPalHttpConnection : INFO: POST https://api.sandbox.paypal.com/v1/payments/payment
[16-11-2018 09:36:33] PayPal\Core\PayPalHttpConnection : INFO: Response Status 	: 500
[16-11-2018 09:36:33] PayPal\Core\PayPalHttpConnection : ERROR: Got Http response code 500 when accessing https://api.sandbox.paypal.com/v1/payments/payment. {"name":"INTERNAL_SERVICE_ERROR","message":"An internal service error has occurred","information_link":"https://developer.paypal.com/docs/api/payments/#errors","debug_id":"9c73eafd5a73a"}
[16-11-2018 09:39:02] PayPal\Core\PayPalHttpConnection : INFO: POST https://api.sandbox.paypal.com/v1/payments/payment
[16-11-2018 09:39:05] PayPal\Core\PayPalHttpConnection : INFO: Response Status 	: 500
[16-11-2018 09:39:05] PayPal\Core\PayPalHttpConnection : ERROR: Got Http response code 500 when accessing https://api.sandbox.paypal.com/v1/payments/payment. {"name":"INTERNAL_SERVICE_ERROR","message":"An internal service error has occurred","information_link":"https://developer.paypal.com/docs/api/payments/#errors","debug_id":"123f99afb43fe"}
[16-11-2018 09:41:27] PayPal\Core\PayPalHttpConnection : INFO: POST https://api.sandbox.paypal.com/v1/payments/payment
[16-11-2018 09:41:30] PayPal\Core\PayPalHttpConnection : INFO: Response Status 	: 500
[16-11-2018 09:41:30] PayPal\Core\PayPalHttpConnection : ERROR: Got Http response code 500 when accessing https://api.sandbox.paypal.com/v1/payments/payment. {"name":"INTERNAL_SERVICE_ERROR","message":"An internal service error has occurred","information_link":"https://developer.paypal.com/docs/api/payments/#errors","debug_id":"153c0b44c3080"}
[16-11-2018 09:51:26] PayPal\Core\PayPalHttpConnection : INFO: POST https://api.sandbox.paypal.com/v1/payments/payment
[16-11-2018 09:51:30] PayPal\Core\PayPalHttpConnection : INFO: Response Status 	: 500
[16-11-2018 09:51:30] PayPal\Core\PayPalHttpConnection : ERROR: Got Http response code 500 when accessing https://api.sandbox.paypal.com/v1/payments/payment. {"name":"INTERNAL_SERVICE_ERROR","message":"An internal service error has occurred","information_link":"https://developer.paypal.com/docs/api/payments/#errors","debug_id":"f6eb07e3562aa"}
[16-11-2018 09:58:05] PayPal\Core\PayPalHttpConnection : INFO: POST https://api.sandbox.paypal.com/v1/oauth2/token
[16-11-2018 09:58:06] PayPal\Core\PayPalHttpConnection : INFO: Response Status 	: 200
[16-11-2018 09:58:06] PayPal\Core\PayPalHttpConnection : INFO: POST https://api.sandbox.paypal.com/v1/payments/payment
[16-11-2018 09:58:09] PayPal\Core\PayPalHttpConnection : INFO: Response Status 	: 500
[16-11-2018 09:58:09] PayPal\Core\PayPalHttpConnection : ERROR: Got Http response code 500 when accessing https://api.sandbox.paypal.com/v1/payments/payment. {"name":"INTERNAL_SERVICE_ERROR","message":"An internal service error has occurred","information_link":"https://developer.paypal.com/docs/api/payments/#errors","debug_id":"5e3cffb79ae27"}
[16-11-2018 10:03:30] PayPal\Core\PayPalHttpConnection : INFO: POST https://api.sandbox.paypal.com/v1/payments/payment
[16-11-2018 10:03:31] PayPal\Core\PayPalHttpConnection : INFO: Response Status 	: 201
[16-11-2018 10:32:22] PayPal\Core\PayPalHttpConnection : INFO: POST https://api.sandbox.paypal.com/v1/payments/payment
[16-11-2018 10:32:25] PayPal\Core\PayPalHttpConnection : INFO: Response Status 	: 500
[16-11-2018 10:32:25] PayPal\Core\PayPalHttpConnection : ERROR: Got Http response code 500 when accessing https://api.sandbox.paypal.com/v1/payments/payment. {"name":"INTERNAL_SERVICE_ERROR","message":"An internal service error has occurred","information_link":"https://developer.paypal.com/docs/api/payments/#errors","debug_id":"bc8560c6e927c"}
[16-11-2018 10:32:42] PayPal\Core\PayPalHttpConnection : INFO: POST https://api.sandbox.paypal.com/v1/payments/payment
[16-11-2018 10:32:45] PayPal\Core\PayPalHttpConnection : INFO: Response Status 	: 500
[16-11-2018 10:32:45] PayPal\Core\PayPalHttpConnection : ERROR: Got Http response code 500 when accessing https://api.sandbox.paypal.com/v1/payments/payment. {"name":"INTERNAL_SERVICE_ERROR","message":"An internal service error has occurred","information_link":"https://developer.paypal.com/docs/api/payments/#errors","debug_id":"89618af3d029e"}
[16-11-2018 10:35:18] PayPal\Core\PayPalHttpConnection : INFO: POST https://api.sandbox.paypal.com/v1/payments/payment
[16-11-2018 10:35:19] PayPal\Core\PayPalHttpConnection : INFO: Response Status 	: 201
[16-11-2018 01:04:12] PayPal\Core\PayPalHttpConnection : INFO: POST https://api.sandbox.paypal.com/v1/payments/payment
[16-11-2018 01:04:13] PayPal\Core\PayPalHttpConnection : INFO: Response Status 	: 201
[16-11-2018 01:11:09] PayPal\Core\PayPalHttpConnection : INFO: POST https://api.sandbox.paypal.com/v1/payments/payment
[16-11-2018 01:11:10] PayPal\Core\PayPalHttpConnection : INFO: Response Status 	: 201
[16-11-2018 01:56:18] PayPal\Core\PayPalHttpConnection : INFO: POST https://api.sandbox.paypal.com/v1/payments/payment
[16-11-2018 01:56:19] PayPal\Core\PayPalHttpConnection : INFO: Response Status 	: 400
[16-11-2018 01:56:19] PayPal\Core\PayPalHttpConnection : ERROR: Got Http response code 400 when accessing https://api.sandbox.paypal.com/v1/payments/payment. {"name":"VALIDATION_ERROR","details":[{"field":"transactions.amount.details","issue":"Currency amount must be non-negative number, may optionally contain exactly 2 decimal places separated by '.', optional thousands separator ',', limited to 7 digits before the decimal point and currency which is a valid ISO Currency Code"}],"message":"Invalid request - see details","information_link":"https://developer.paypal.com/docs/api/payments/#errors","debug_id":"9863459413b7f"}
[16-11-2018 03:06:07] PayPal\Core\PayPalHttpConnection : INFO: POST https://api.sandbox.paypal.com/v1/payments/payment
[16-11-2018 03:06:07] PayPal\Core\PayPalHttpConnection : INFO: Response Status 	: 400
[16-11-2018 03:06:07] PayPal\Core\PayPalHttpConnection : ERROR: Got Http response code 400 when accessing https://api.sandbox.paypal.com/v1/payments/payment. {"name":"VALIDATION_ERROR","details":[{"field":"transactions.amount.details","issue":"Currency amount must be non-negative number, may optionally contain exactly 2 decimal places separated by '.', optional thousands separator ',', limited to 7 digits before the decimal point and currency which is a valid ISO Currency Code"}],"message":"Invalid request - see details","information_link":"https://developer.paypal.com/docs/api/payments/#errors","debug_id":"ad488171732e5"}
[16-11-2018 03:10:21] PayPal\Core\PayPalHttpConnection : INFO: POST https://api.sandbox.paypal.com/v1/payments/payment
[16-11-2018 03:10:21] PayPal\Core\PayPalHttpConnection : INFO: Response Status 	: 400
[16-11-2018 03:10:21] PayPal\Core\PayPalHttpConnection : ERROR: Got Http response code 400 when accessing https://api.sandbox.paypal.com/v1/payments/payment. {"name":"VALIDATION_ERROR","details":[{"field":"transactions.amount.details","issue":"Currency amount must be non-negative number, may optionally contain exactly 2 decimal places separated by '.', optional thousands separator ',', limited to 7 digits before the decimal point and currency which is a valid ISO Currency Code"}],"message":"Invalid request - see details","information_link":"https://developer.paypal.com/docs/api/payments/#errors","debug_id":"625270ce6bbfd"}
[16-11-2018 03:10:41] PayPal\Core\PayPalHttpConnection : INFO: POST https://api.sandbox.paypal.com/v1/payments/payment
[16-11-2018 03:10:42] PayPal\Core\PayPalHttpConnection : INFO: Response Status 	: 400
[16-11-2018 03:10:42] PayPal\Core\PayPalHttpConnection : ERROR: Got Http response code 400 when accessing https://api.sandbox.paypal.com/v1/payments/payment. {"name":"VALIDATION_ERROR","details":[{"field":"transactions.amount.details","issue":"Currency amount must be non-negative number, may optionally contain exactly 2 decimal places separated by '.', optional thousands separator ',', limited to 7 digits before the decimal point and currency which is a valid ISO Currency Code"}],"message":"Invalid request - see details","information_link":"https://developer.paypal.com/docs/api/payments/#errors","debug_id":"731c703ef1303"}
[16-11-2018 03:12:04] PayPal\Core\PayPalHttpConnection : INFO: POST https://api.sandbox.paypal.com/v1/payments/payment
[16-11-2018 03:12:05] PayPal\Core\PayPalHttpConnection : INFO: Response Status 	: 201
[16-11-2018 03:22:35] PayPal\Core\PayPalHttpConnection : INFO: POST https://api.sandbox.paypal.com/v1/payments/payment
[16-11-2018 03:22:36] PayPal\Core\PayPalHttpConnection : INFO: Response Status 	: 201
[16-11-2018 03:25:04] PayPal\Core\PayPalHttpConnection : INFO: POST https://api.sandbox.paypal.com/v1/payments/payment
[16-11-2018 03:25:05] PayPal\Core\PayPalHttpConnection : INFO: Response Status 	: 201
[16-11-2018 03:48:16] PayPal\Core\PayPalHttpConnection : INFO: POST https://api.sandbox.paypal.com/v1/payments/payment
[16-11-2018 03:48:17] PayPal\Core\PayPalHttpConnection : INFO: Response Status 	: 201
[16-11-2018 04:54:00] PayPal\Core\PayPalHttpConnection : INFO: POST https://api.sandbox.paypal.com/v1/payments/payment
[16-11-2018 04:54:01] PayPal\Core\PayPalHttpConnection : INFO: Response Status 	: 201
[16-11-2018 04:54:35] PayPal\Core\PayPalHttpConnection : INFO: POST https://api.sandbox.paypal.com/v1/payments/payment
[16-11-2018 04:54:36] PayPal\Core\PayPalHttpConnection : INFO: Response Status 	: 201
[16-11-2018 04:56:41] PayPal\Core\PayPalHttpConnection : INFO: POST https://api.sandbox.paypal.com/v1/payments/payment
[16-11-2018 04:56:41] PayPal\Core\PayPalHttpConnection : INFO: Response Status 	: 201
[18-11-2018 08:55:30] PayPal\Core\PayPalHttpConnection : INFO: POST https://api.sandbox.paypal.com/v1/oauth2/token
[18-11-2018 08:55:31] PayPal\Core\PayPalHttpConnection : INFO: Response Status 	: 200
[18-11-2018 08:55:31] PayPal\Core\PayPalHttpConnection : INFO: POST https://api.sandbox.paypal.com/v1/payments/payment
[18-11-2018 08:55:32] PayPal\Core\PayPalHttpConnection : INFO: Response Status 	: 201
[19-11-2018 03:17:09] PayPal\Core\PayPalHttpConnection : INFO: POST https://api.sandbox.paypal.com/v1/oauth2/token
[19-11-2018 03:17:10] PayPal\Core\PayPalHttpConnection : INFO: Response Status 	: 200
[19-11-2018 03:17:10] PayPal\Core\PayPalHttpConnection : INFO: POST https://api.sandbox.paypal.com/v1/payments/payment
[19-11-2018 03:17:11] PayPal\Core\PayPalHttpConnection : INFO: Response Status 	: 201
[19-11-2018 10:02:55] PayPal\Core\PayPalHttpConnection : INFO: POST https://api.sandbox.paypal.com/v1/payments/payment
[19-11-2018 10:02:56] PayPal\Core\PayPalHttpConnection : INFO: Response Status 	: 201
[20-11-2018 12:20:47] PayPal\Core\PayPalHttpConnection : INFO: POST https://api.sandbox.paypal.com/v1/oauth2/token
[20-11-2018 12:20:48] PayPal\Core\PayPalHttpConnection : INFO: Response Status 	: 200
[20-11-2018 12:20:48] PayPal\Core\PayPalHttpConnection : INFO: POST https://api.sandbox.paypal.com/v1/payments/payment
[20-11-2018 12:20:49] PayPal\Core\PayPalHttpConnection : INFO: Response Status 	: 201
[20-11-2018 12:22:24] PayPal\Core\PayPalHttpConnection : INFO: POST https://api.sandbox.paypal.com/v1/payments/payment
[20-11-2018 12:22:25] PayPal\Core\PayPalHttpConnection : INFO: Response Status 	: 201
[20-11-2018 06:06:48] PayPal\Core\PayPalHttpConnection : INFO: POST https://api.sandbox.paypal.com/v1/payments/payment
[20-11-2018 06:06:48] PayPal\Core\PayPalHttpConnection : INFO: Response Status 	: 201
[21-11-2018 05:10:33] PayPal\Core\PayPalHttpConnection : INFO: POST https://api.sandbox.paypal.com/v1/oauth2/token
[21-11-2018 05:10:34] PayPal\Core\PayPalHttpConnection : INFO: Response Status 	: 200
[21-11-2018 05:10:34] PayPal\Core\PayPalHttpConnection : INFO: POST https://api.sandbox.paypal.com/v1/payments/payment
[21-11-2018 05:10:35] PayPal\Core\PayPalHttpConnection : INFO: Response Status 	: 201
[21-11-2018 05:25:58] PayPal\Core\PayPalHttpConnection : INFO: POST https://api.sandbox.paypal.com/v1/payments/payment
[21-11-2018 05:25:58] PayPal\Core\PayPalHttpConnection : INFO: Response Status 	: 201
[22-11-2018 01:09:51] PayPal\Core\PayPalHttpConnection : INFO: POST https://api.sandbox.paypal.com/v1/payments/payment
[22-11-2018 01:09:53] PayPal\Core\PayPalHttpConnection : INFO: Response Status 	: 201
[22-11-2018 05:24:21] PayPal\Core\PayPalHttpConnection : INFO: POST https://api.sandbox.paypal.com/v1/oauth2/token
[22-11-2018 05:24:22] PayPal\Core\PayPalHttpConnection : INFO: Response Status 	: 200
[22-11-2018 05:24:22] PayPal\Core\PayPalHttpConnection : INFO: POST https://api.sandbox.paypal.com/v1/payments/payment
[22-11-2018 05:24:23] PayPal\Core\PayPalHttpConnection : INFO: Response Status 	: 201
[22-11-2018 05:24:50] PayPal\Core\PayPalHttpConnection : INFO: POST https://api.sandbox.paypal.com/v1/payments/payment
[22-11-2018 05:24:50] PayPal\Core\PayPalHttpConnection : INFO: Response Status 	: 201
[22-11-2018 05:25:30] PayPal\Core\PayPalHttpConnection : INFO: POST https://api.sandbox.paypal.com/v1/payments/payment
[22-11-2018 05:25:31] PayPal\Core\PayPalHttpConnection : INFO: Response Status 	: 201
[22-11-2018 05:41:07] PayPal\Core\PayPalHttpConnection : INFO: POST https://api.sandbox.paypal.com/v1/payments/payment
[22-11-2018 05:41:11] PayPal\Core\PayPalHttpConnection : INFO: Response Status 	: 201
[22-11-2018 05:46:53] PayPal\Core\PayPalHttpConnection : INFO: POST https://api.sandbox.paypal.com/v1/payments/payment
[22-11-2018 05:46:54] PayPal\Core\PayPalHttpConnection : INFO: Response Status 	: 201
[22-11-2018 05:51:05] PayPal\Core\PayPalHttpConnection : INFO: POST https://api.sandbox.paypal.com/v1/payments/payment
[22-11-2018 05:51:11] PayPal\Core\PayPalHttpConnection : INFO: Response Status 	: 500
[22-11-2018 05:51:11] PayPal\Core\PayPalHttpConnection : ERROR: Got Http response code 500 when accessing https://api.sandbox.paypal.com/v1/payments/payment. {"name":"INTERNAL_SERVICE_ERROR","message":"An internal service error has occurred","information_link":"https://developer.paypal.com/docs/api/payments/#errors","debug_id":"d7315b3b55438"}
[22-11-2018 05:52:39] PayPal\Core\PayPalHttpConnection : INFO: POST https://api.sandbox.paypal.com/v1/payments/payment
[22-11-2018 05:52:40] PayPal\Core\PayPalHttpConnection : INFO: Response Status 	: 201
[22-11-2018 06:45:24] PayPal\Core\PayPalHttpConnection : INFO: POST https://api.sandbox.paypal.com/v1/payments/payment
[22-11-2018 06:45:25] PayPal\Core\PayPalHttpConnection : INFO: Response Status 	: 201
[23-11-2018 05:29:26] PayPal\Core\PayPalHttpConnection : INFO: POST https://api.sandbox.paypal.com/v1/oauth2/token
[23-11-2018 05:29:27] PayPal\Core\PayPalHttpConnection : INFO: Response Status 	: 200
[23-11-2018 05:29:27] PayPal\Core\PayPalHttpConnection : INFO: POST https://api.sandbox.paypal.com/v1/payments/payment
[23-11-2018 05:29:28] PayPal\Core\PayPalHttpConnection : INFO: Response Status 	: 201
[23-11-2018 10:43:15] PayPal\Core\PayPalHttpConnection : INFO: POST https://api.sandbox.paypal.com/v1/payments/payment
[23-11-2018 10:43:16] PayPal\Core\PayPalHttpConnection : INFO: Response Status 	: 201
[30-11-2018 06:10:25] PayPal\Core\PayPalHttpConnection : INFO: POST https://api.sandbox.paypal.com/v1/oauth2/token
[30-11-2018 06:10:26] PayPal\Core\PayPalHttpConnection : INFO: Response Status 	: 200
[30-11-2018 06:10:26] PayPal\Core\PayPalHttpConnection : INFO: POST https://api.sandbox.paypal.com/v1/payments/payment
[30-11-2018 06:10:28] PayPal\Core\PayPalHttpConnection : INFO: Response Status 	: 201
[03-12-2018 11:54:49] PayPal\Core\PayPalHttpConnection : INFO: POST https://api.sandbox.paypal.com/v1/oauth2/token
[03-12-2018 11:54:49] PayPal\Core\PayPalHttpConnection : INFO: Response Status 	: 200
[03-12-2018 11:54:49] PayPal\Core\PayPalHttpConnection : INFO: POST https://api.sandbox.paypal.com/v1/payments/payment
[03-12-2018 11:54:50] PayPal\Core\PayPalHttpConnection : INFO: Response Status 	: 201
[03-12-2018 12:01:04] PayPal\Core\PayPalHttpConnection : INFO: POST https://api.sandbox.paypal.com/v1/payments/payment
[03-12-2018 12:01:04] PayPal\Core\PayPalHttpConnection : INFO: Response Status 	: 201
[05-12-2018 08:17:12] PayPal\Core\PayPalHttpConnection : INFO: POST https://api.sandbox.paypal.com/v1/oauth2/token
[05-12-2018 08:17:13] PayPal\Core\PayPalHttpConnection : INFO: Response Status 	: 200
[05-12-2018 08:17:13] PayPal\Core\PayPalHttpConnection : INFO: POST https://api.sandbox.paypal.com/v1/payments/payment
[05-12-2018 08:17:14] PayPal\Core\PayPalHttpConnection : INFO: Response Status 	: 201
[13-01-2019 09:43:06] PayPal\Core\PayPalHttpConnection : INFO: POST https://api.sandbox.paypal.com/v1/oauth2/token
[13-01-2019 09:43:09] PayPal\Core\PayPalHttpConnection : INFO: Response Status 	: 200
[13-01-2019 09:43:09] PayPal\Core\PayPalHttpConnection : INFO: POST https://api.sandbox.paypal.com/v1/payments/payment
[13-01-2019 09:43:11] PayPal\Core\PayPalHttpConnection : INFO: Response Status 	: 201
[13-01-2019 09:44:31] PayPal\Core\PayPalHttpConnection : INFO: POST https://api.sandbox.paypal.com/v1/payments/payment
[13-01-2019 09:44:35] PayPal\Core\PayPalHttpConnection : INFO: Response Status 	: 201
[13-01-2019 09:46:49] PayPal\Core\PayPalHttpConnection : INFO: POST https://api.sandbox.paypal.com/v1/payments/payment
[13-01-2019 09:46:54] PayPal\Core\PayPalHttpConnection : INFO: Response Status 	: 201
[13-01-2019 09:48:03] PayPal\Core\PayPalHttpConnection : INFO: POST https://api.sandbox.paypal.com/v1/payments/payment
[13-01-2019 09:48:08] PayPal\Core\PayPalHttpConnection : INFO: Response Status 	: 201
[19-01-2019 04:50:12] PayPal\Core\PayPalHttpConnection : INFO: POST https://api.sandbox.paypal.com/v1/oauth2/token
[19-01-2019 04:50:15] PayPal\Core\PayPalHttpConnection : INFO: Response Status 	: 200
[19-01-2019 04:50:15] PayPal\Core\PayPalHttpConnection : INFO: POST https://api.sandbox.paypal.com/v1/payments/payment
[19-01-2019 04:50:18] PayPal\Core\PayPalHttpConnection : INFO: Response Status 	: 201
[19-01-2019 04:52:58] PayPal\Core\PayPalHttpConnection : INFO: POST https://api.sandbox.paypal.com/v1/payments/payment
[19-01-2019 04:53:00] PayPal\Core\PayPalHttpConnection : INFO: Response Status 	: 201
[20-01-2019 07:49:16] PayPal\Core\PayPalHttpConnection : INFO: POST https://api.sandbox.paypal.com/v1/oauth2/token
[20-01-2019 10:46:18] PayPal\Core\PayPalHttpConnection : INFO: POST https://api.sandbox.paypal.com/v1/oauth2/token
[20-01-2019 10:46:21] PayPal\Core\PayPalHttpConnection : INFO: Response Status 	: 200
[20-01-2019 10:46:21] PayPal\Core\PayPalHttpConnection : INFO: POST https://api.sandbox.paypal.com/v1/payments/payment
[20-01-2019 10:46:27] PayPal\Core\PayPalHttpConnection : INFO: Response Status 	: 201
[23-01-2019 07:39:17] PayPal\Core\PayPalHttpConnection : INFO: POST https://api.sandbox.paypal.com/v1/oauth2/token
[23-01-2019 07:39:18] PayPal\Core\PayPalHttpConnection : INFO: Response Status 	: 200
[23-01-2019 07:39:18] PayPal\Core\PayPalHttpConnection : INFO: POST https://api.sandbox.paypal.com/v1/payments/payment
[23-01-2019 07:39:19] PayPal\Core\PayPalHttpConnection : INFO: Response Status 	: 201
[24-01-2019 01:56:56] PayPal\Core\PayPalHttpConnection : INFO: POST https://api.sandbox.paypal.com/v1/oauth2/token
[24-01-2019 01:56:57] PayPal\Core\PayPalHttpConnection : INFO: Response Status 	: 200
[24-01-2019 01:56:57] PayPal\Core\PayPalHttpConnection : INFO: POST https://api.sandbox.paypal.com/v1/payments/payment
[24-01-2019 01:56:58] PayPal\Core\PayPalHttpConnection : INFO: Response Status 	: 201
[27-01-2019 02:52:58] PayPal\Core\PayPalHttpConnection : INFO: POST https://api.sandbox.paypal.com/v1/oauth2/token
[27-01-2019 02:52:59] PayPal\Core\PayPalHttpConnection : INFO: Response Status 	: 200
[27-01-2019 02:52:59] PayPal\Core\PayPalHttpConnection : INFO: POST https://api.sandbox.paypal.com/v1/payments/payment
[27-01-2019 02:53:00] PayPal\Core\PayPalHttpConnection : INFO: Response Status 	: 201
[31-01-2019 05:48:42] PayPal\Core\PayPalHttpConnection : INFO: POST https://api.paypal.com/v1/oauth2/token
[31-01-2019 05:48:42] PayPal\Core\PayPalHttpConnection : INFO: Response Status 	: 200
[31-01-2019 05:48:42] PayPal\Core\PayPalHttpConnection : INFO: POST https://api.paypal.com/v1/payments/payment
[31-01-2019 05:48:43] PayPal\Core\PayPalHttpConnection : INFO: Response Status 	: 201
[31-01-2019 05:50:01] PayPal\Core\PayPalHttpConnection : INFO: POST https://api.paypal.com/v1/payments/payment
[31-01-2019 05:50:01] PayPal\Core\PayPalHttpConnection : INFO: Response Status 	: 201
[01-02-2019 08:31:22] PayPal\Core\PayPalHttpConnection : INFO: POST https://api.paypal.com/v1/oauth2/token
[01-02-2019 08:31:23] PayPal\Core\PayPalHttpConnection : INFO: Response Status 	: 200
[01-02-2019 08:31:23] PayPal\Core\PayPalHttpConnection : INFO: POST https://api.paypal.com/v1/payments/payment
[01-02-2019 08:31:23] PayPal\Core\PayPalHttpConnection : INFO: Response Status 	: 201
[01-02-2019 08:35:54] PayPal\Core\PayPalHttpConnection : INFO: POST https://api.paypal.com/v1/payments/payment
[01-02-2019 08:35:54] PayPal\Core\PayPalHttpConnection : INFO: Response Status 	: 201
[02-02-2019 11:23:07] PayPal\Core\PayPalHttpConnection : INFO: POST https://api.paypal.com/v1/oauth2/token
[02-02-2019 11:23:08] PayPal\Core\PayPalHttpConnection : INFO: Response Status 	: 200
[02-02-2019 11:23:08] PayPal\Core\PayPalHttpConnection : INFO: POST https://api.paypal.com/v1/payments/payment
[02-02-2019 11:23:08] PayPal\Core\PayPalHttpConnection : INFO: Response Status 	: 201
[03-02-2019 04:14:35] PayPal\Core\PayPalHttpConnection : INFO: POST https://api.paypal.com/v1/payments/payment
[03-02-2019 04:14:36] PayPal\Core\PayPalHttpConnection : INFO: Response Status 	: 201
[04-02-2019 02:47:10] PayPal\Core\PayPalHttpConnection : INFO: POST https://api.paypal.com/v1/oauth2/token
[04-02-2019 02:47:11] PayPal\Core\PayPalHttpConnection : INFO: Response Status 	: 200
[04-02-2019 02:47:11] PayPal\Core\PayPalHttpConnection : INFO: POST https://api.paypal.com/v1/payments/payment
[04-02-2019 02:47:12] PayPal\Core\PayPalHttpConnection : INFO: Response Status 	: 201
[04-02-2019 04:33:07] PayPal\Core\PayPalHttpConnection : INFO: POST https://api.paypal.com/v1/payments/payment
[04-02-2019 04:33:07] PayPal\Core\PayPalHttpConnection : INFO: Response Status 	: 201
[05-02-2019 06:15:10] PayPal\Core\PayPalHttpConnection : INFO: POST https://api.paypal.com/v1/oauth2/token
[05-02-2019 06:15:11] PayPal\Core\PayPalHttpConnection : INFO: Response Status 	: 200
[05-02-2019 06:15:11] PayPal\Core\PayPalHttpConnection : INFO: POST https://api.paypal.com/v1/payments/payment
[05-02-2019 06:15:11] PayPal\Core\PayPalHttpConnection : INFO: Response Status 	: 201
[05-02-2019 06:21:23] PayPal\Core\PayPalHttpConnection : INFO: POST https://api.paypal.com/v1/payments/payment
[05-02-2019 06:21:23] PayPal\Core\PayPalHttpConnection : INFO: Response Status 	: 201
[05-02-2019 06:39:25] PayPal\Core\PayPalHttpConnection : INFO: POST https://api.paypal.com/v1/payments/payment
[05-02-2019 06:39:26] PayPal\Core\PayPalHttpConnection : INFO: Response Status 	: 201
[05-02-2019 06:45:34] PayPal\Core\PayPalHttpConnection : INFO: POST https://api.paypal.com/v1/payments/payment
[05-02-2019 06:45:35] PayPal\Core\PayPalHttpConnection : INFO: Response Status 	: 201
[05-02-2019 11:16:42] PayPal\Core\PayPalHttpConnection : INFO: POST https://api.paypal.com/v1/payments/payment
[05-02-2019 11:16:43] PayPal\Core\PayPalHttpConnection : INFO: Response Status 	: 201
[06-02-2019 02:08:10] PayPal\Core\PayPalHttpConnection : INFO: POST https://api.paypal.com/v1/payments/payment
[06-02-2019 02:08:11] PayPal\Core\PayPalHttpConnection : INFO: Response Status 	: 201
[06-02-2019 03:43:23] PayPal\Core\PayPalHttpConnection : INFO: POST https://api.paypal.com/v1/oauth2/token
[06-02-2019 03:43:24] PayPal\Core\PayPalHttpConnection : INFO: Response Status 	: 200
[06-02-2019 03:43:24] PayPal\Core\PayPalHttpConnection : INFO: POST https://api.paypal.com/v1/payments/payment
[06-02-2019 03:43:25] PayPal\Core\PayPalHttpConnection : INFO: Response Status 	: 201
[06-02-2019 04:20:31] PayPal\Core\PayPalHttpConnection : INFO: POST https://api.paypal.com/v1/payments/payment
[06-02-2019 04:20:32] PayPal\Core\PayPalHttpConnection : INFO: Response Status 	: 201
[06-02-2019 04:21:37] PayPal\Core\PayPalHttpConnection : INFO: POST https://api.paypal.com/v1/payments/payment
[06-02-2019 04:21:37] PayPal\Core\PayPalHttpConnection : INFO: Response Status 	: 201
[06-02-2019 04:23:50] PayPal\Core\PayPalHttpConnection : INFO: POST https://api.paypal.com/v1/payments/payment
[06-02-2019 04:23:51] PayPal\Core\PayPalHttpConnection : INFO: Response Status 	: 201
[06-02-2019 04:55:07] PayPal\Core\PayPalHttpConnection : INFO: POST https://api.paypal.com/v1/payments/payment
[06-02-2019 04:55:08] PayPal\Core\PayPalHttpConnection : INFO: Response Status 	: 201
[06-02-2019 05:00:12] PayPal\Core\PayPalHttpConnection : INFO: POST https://api.paypal.com/v1/payments/payment
[06-02-2019 05:00:12] PayPal\Core\PayPalHttpConnection : INFO: Response Status 	: 201
[06-02-2019 05:16:15] PayPal\Core\PayPalHttpConnection : INFO: POST https://api.paypal.com/v1/payments/payment
[06-02-2019 05:16:16] PayPal\Core\PayPalHttpConnection : INFO: Response Status 	: 201
[06-02-2019 10:43:03] PayPal\Core\PayPalHttpConnection : INFO: POST https://api.paypal.com/v1/payments/payment
[06-02-2019 10:43:04] PayPal\Core\PayPalHttpConnection : INFO: Response Status 	: 201
[07-02-2019 03:57:02] PayPal\Core\PayPalHttpConnection : INFO: POST https://api.paypal.com/v1/oauth2/token
[07-02-2019 03:57:03] PayPal\Core\PayPalHttpConnection : INFO: Response Status 	: 401
[07-02-2019 03:57:03] PayPal\Core\PayPalHttpConnection : ERROR: Got Http response code 401 when accessing https://api.paypal.com/v1/oauth2/token. {"error":"invalid_client","error_description":"Client Authentication failed"}
[07-02-2019 04:01:14] PayPal\Core\PayPalHttpConnection : INFO: POST https://api.paypal.com/v1/oauth2/token
[07-02-2019 04:01:14] PayPal\Core\PayPalHttpConnection : INFO: Response Status 	: 401
[07-02-2019 04:01:14] PayPal\Core\PayPalHttpConnection : ERROR: Got Http response code 401 when accessing https://api.paypal.com/v1/oauth2/token. {"error":"invalid_client","error_description":"Client Authentication failed"}
[08-02-2019 01:57:40] PayPal\Core\PayPalHttpConnection : INFO: POST https://api.paypal.com/v1/oauth2/token
[08-02-2019 01:57:41] PayPal\Core\PayPalHttpConnection : INFO: Response Status 	: 401
[08-02-2019 01:57:41] PayPal\Core\PayPalHttpConnection : ERROR: Got Http response code 401 when accessing https://api.paypal.com/v1/oauth2/token. {"error":"invalid_client","error_description":"Client Authentication failed"}
[08-02-2019 02:00:48] PayPal\Core\PayPalHttpConnection : INFO: POST https://api.paypal.com/v1/oauth2/token
[08-02-2019 02:00:48] PayPal\Core\PayPalHttpConnection : INFO: Response Status 	: 401
[08-02-2019 02:00:48] PayPal\Core\PayPalHttpConnection : ERROR: Got Http response code 401 when accessing https://api.paypal.com/v1/oauth2/token. {"error":"invalid_client","error_description":"Client Authentication failed"}
[08-02-2019 02:01:05] PayPal\Core\PayPalHttpConnection : INFO: POST https://api.paypal.com/v1/oauth2/token
[08-02-2019 02:01:05] PayPal\Core\PayPalHttpConnection : INFO: Response Status 	: 401
[08-02-2019 02:01:05] PayPal\Core\PayPalHttpConnection : ERROR: Got Http response code 401 when accessing https://api.paypal.com/v1/oauth2/token. {"error":"invalid_client","error_description":"Client Authentication failed"}
[08-02-2019 02:29:09] PayPal\Core\PayPalHttpConnection : INFO: POST https://api.paypal.com/v1/oauth2/token
[08-02-2019 02:29:10] PayPal\Core\PayPalHttpConnection : INFO: Response Status 	: 401
[08-02-2019 02:29:10] PayPal\Core\PayPalHttpConnection : ERROR: Got Http response code 401 when accessing https://api.paypal.com/v1/oauth2/token. {"error":"invalid_client","error_description":"Client Authentication failed"}
[08-02-2019 02:38:47] PayPal\Core\PayPalHttpConnection : INFO: POST https://api.paypal.com/v1/oauth2/token
[08-02-2019 02:38:48] PayPal\Core\PayPalHttpConnection : INFO: Response Status 	: 401
[08-02-2019 02:38:48] PayPal\Core\PayPalHttpConnection : ERROR: Got Http response code 401 when accessing https://api.paypal.com/v1/oauth2/token. {"error":"invalid_client","error_description":"Client Authentication failed"}
[08-02-2019 02:40:12] PayPal\Core\PayPalHttpConnection : INFO: POST https://api.paypal.com/v1/oauth2/token
[08-02-2019 02:40:12] PayPal\Core\PayPalHttpConnection : INFO: Response Status 	: 401
[08-02-2019 02:40:12] PayPal\Core\PayPalHttpConnection : ERROR: Got Http response code 401 when accessing https://api.paypal.com/v1/oauth2/token. {"error":"invalid_client","error_description":"Client Authentication failed"}
[08-02-2019 03:17:31] PayPal\Core\PayPalHttpConnection : INFO: POST https://api.paypal.com/v1/oauth2/token
[08-02-2019 03:17:32] PayPal\Core\PayPalHttpConnection : INFO: Response Status 	: 401
[08-02-2019 03:17:32] PayPal\Core\PayPalHttpConnection : ERROR: Got Http response code 401 when accessing https://api.paypal.com/v1/oauth2/token. {"error":"invalid_client","error_description":"Client Authentication failed"}
[08-02-2019 03:17:52] PayPal\Core\PayPalHttpConnection : INFO: POST https://api.paypal.com/v1/oauth2/token
[08-02-2019 03:17:52] PayPal\Core\PayPalHttpConnection : INFO: Response Status 	: 401
[08-02-2019 03:17:52] PayPal\Core\PayPalHttpConnection : ERROR: Got Http response code 401 when accessing https://api.paypal.com/v1/oauth2/token. {"error":"invalid_client","error_description":"Client Authentication failed"}
[08-02-2019 03:21:20] PayPal\Core\PayPalHttpConnection : INFO: POST https://api.paypal.com/v1/oauth2/token
[08-02-2019 03:21:20] PayPal\Core\PayPalHttpConnection : INFO: Response Status 	: 401
[08-02-2019 03:21:20] PayPal\Core\PayPalHttpConnection : ERROR: Got Http response code 401 when accessing https://api.paypal.com/v1/oauth2/token. {"error":"invalid_client","error_description":"Client Authentication failed"}
[08-02-2019 03:22:58] PayPal\Core\PayPalHttpConnection : INFO: POST https://api.sandbox.paypal.com/v1/oauth2/token
[08-02-2019 03:22:58] PayPal\Core\PayPalHttpConnection : INFO: Response Status 	: 200
[08-02-2019 03:22:58] PayPal\Core\PayPalHttpConnection : INFO: POST https://api.sandbox.paypal.com/v1/payments/payment
[08-02-2019 03:22:59] PayPal\Core\PayPalHttpConnection : INFO: Response Status 	: 201
[08-02-2019 03:27:37] PayPal\Core\PayPalHttpConnection : INFO: POST https://api.paypal.com/v1/oauth2/token
[08-02-2019 03:27:38] PayPal\Core\PayPalHttpConnection : INFO: Response Status 	: 200
[08-02-2019 03:27:38] PayPal\Core\PayPalHttpConnection : INFO: POST https://api.paypal.com/v1/payments/payment
[08-02-2019 03:27:39] PayPal\Core\PayPalHttpConnection : INFO: Response Status 	: 201
[08-02-2019 03:31:47] PayPal\Core\PayPalHttpConnection : INFO: POST https://api.paypal.com/v1/payments/payment
[08-02-2019 03:31:48] PayPal\Core\PayPalHttpConnection : INFO: Response Status 	: 201
[08-02-2019 03:39:43] PayPal\Core\PayPalHttpConnection : INFO: POST https://api.paypal.com/v1/oauth2/token
[08-02-2019 03:39:43] PayPal\Core\PayPalHttpConnection : INFO: Response Status 	: 200
[08-02-2019 03:39:43] PayPal\Core\PayPalHttpConnection : INFO: POST https://api.paypal.com/v1/payments/payment
[08-02-2019 03:39:44] PayPal\Core\PayPalHttpConnection : INFO: Response Status 	: 201
[08-02-2019 03:41:57] PayPal\Core\PayPalHttpConnection : INFO: POST https://api.paypal.com/v1/payments/payment
[08-02-2019 03:41:57] PayPal\Core\PayPalHttpConnection : INFO: Response Status 	: 401
[08-02-2019 03:41:57] PayPal\Core\PayPalHttpConnection : ERROR: Got Http response code 401 when accessing https://api.paypal.com/v1/payments/payment. {"error":"invalid_token","error_description":"The token passed in was not found in the system"}
[08-02-2019 03:42:41] PayPal\Core\PayPalHttpConnection : INFO: POST https://api.sandbox.paypal.com/v1/payments/payment
[08-02-2019 03:42:42] PayPal\Core\PayPalHttpConnection : INFO: Response Status 	: 201
[08-02-2019 04:01:31] PayPal\Core\PayPalHttpConnection : INFO: POST https://api.paypal.com/v1/payments/payment
[08-02-2019 04:01:32] PayPal\Core\PayPalHttpConnection : INFO: Response Status 	: 201
[09-02-2019 01:43:07] PayPal\Core\PayPalHttpConnection : INFO: POST https://api.paypal.com/v1/oauth2/token
[09-02-2019 01:43:08] PayPal\Core\PayPalHttpConnection : INFO: Response Status 	: 200
[09-02-2019 01:43:08] PayPal\Core\PayPalHttpConnection : INFO: POST https://api.paypal.com/v1/payments/payment
[09-02-2019 01:43:08] PayPal\Core\PayPalHttpConnection : INFO: Response Status 	: 201
[10-02-2019 03:47:07] PayPal\Core\PayPalHttpConnection : INFO: POST https://api.paypal.com/v1/oauth2/token
[10-02-2019 03:47:07] PayPal\Core\PayPalHttpConnection : INFO: Response Status 	: 200
[10-02-2019 03:47:07] PayPal\Core\PayPalHttpConnection : INFO: POST https://api.paypal.com/v1/payments/payment
[10-02-2019 03:47:08] PayPal\Core\PayPalHttpConnection : INFO: Response Status 	: 201
[11-02-2019 09:03:12] PayPal\Core\PayPalHttpConnection : INFO: POST https://api.paypal.com/v1/oauth2/token
[11-02-2019 09:03:14] PayPal\Core\PayPalHttpConnection : INFO: Response Status 	: 200
[11-02-2019 09:03:14] PayPal\Core\PayPalHttpConnection : INFO: POST https://api.paypal.com/v1/payments/payment
[11-02-2019 09:03:14] PayPal\Core\PayPalHttpConnection : INFO: Response Status 	: 201
[11-02-2019 09:04:18] PayPal\Core\PayPalHttpConnection : INFO: POST https://api.paypal.com/v1/payments/payment
[11-02-2019 09:04:19] PayPal\Core\PayPalHttpConnection : INFO: Response Status 	: 201
[17-02-2019 12:18:20] PayPal\Core\PayPalHttpConnection : INFO: POST https://api.paypal.com/v1/oauth2/token
[17-02-2019 12:18:21] PayPal\Core\PayPalHttpConnection : INFO: Response Status 	: 200
[17-02-2019 12:18:21] PayPal\Core\PayPalHttpConnection : INFO: POST https://api.paypal.com/v1/payments/payment
[17-02-2019 12:18:21] PayPal\Core\PayPalHttpConnection : INFO: Response Status 	: 201
[17-02-2019 02:03:23] PayPal\Core\PayPalHttpConnection : INFO: POST https://api.paypal.com/v1/oauth2/token
[17-02-2019 02:03:24] PayPal\Core\PayPalHttpConnection : INFO: Response Status 	: 401
[17-02-2019 02:03:24] PayPal\Core\PayPalHttpConnection : ERROR: Got Http response code 401 when accessing https://api.paypal.com/v1/oauth2/token. {"error":"invalid_client","error_description":"Client Authentication failed"}
[17-02-2019 03:27:08] PayPal\Core\PayPalHttpConnection : INFO: POST https://api.paypal.com/v1/payments/payment
[17-02-2019 03:27:09] PayPal\Core\PayPalHttpConnection : INFO: Response Status 	: 201
[05-03-2019 02:36:27] PayPal\Core\PayPalHttpConnection : INFO: POST https://api.sandbox.paypal.com/v1/oauth2/token
[05-03-2019 02:36:28] PayPal\Core\PayPalHttpConnection : INFO: Response Status 	: 200
[05-03-2019 02:36:28] PayPal\Core\PayPalHttpConnection : INFO: POST https://api.sandbox.paypal.com/v1/payments/payment
[05-03-2019 02:36:29] PayPal\Core\PayPalHttpConnection : INFO: Response Status 	: 201
[05-03-2019 02:41:07] PayPal\Core\PayPalHttpConnection : INFO: POST https://api.paypal.com/v1/oauth2/token
[05-03-2019 02:41:08] PayPal\Core\PayPalHttpConnection : INFO: Response Status 	: 401
[05-03-2019 02:41:08] PayPal\Core\PayPalHttpConnection : ERROR: Got Http response code 401 when accessing https://api.paypal.com/v1/oauth2/token. {"error":"closed_user","error_description":"Closed user credentials"}
[06-03-2019 03:59:39] PayPal\Core\PayPalHttpConnection : INFO: POST https://api.paypal.com/v1/oauth2/token
[06-03-2019 03:59:39] PayPal\Core\PayPalHttpConnection : INFO: Response Status 	: 401
[06-03-2019 03:59:39] PayPal\Core\PayPalHttpConnection : ERROR: Got Http response code 401 when accessing https://api.paypal.com/v1/oauth2/token. {"error":"invalid_client","error_description":"Client Authentication failed"}
[07-03-2019 01:49:24] PayPal\Core\PayPalHttpConnection : INFO: POST https://api.sandbox.paypal.com/v1/oauth2/token
[07-03-2019 01:49:25] PayPal\Core\PayPalHttpConnection : INFO: Response Status 	: 200
[07-03-2019 01:49:25] PayPal\Core\PayPalHttpConnection : INFO: POST https://api.sandbox.paypal.com/v1/payments/payment
[07-03-2019 01:49:26] PayPal\Core\PayPalHttpConnection : INFO: Response Status 	: 201
